<?xml version="1.0" encoding="UTF-8"?>
<!-- Generated by org.testng.reporters.JUnitReportReporter -->
<testsuite skipped="0" hostname="Lenovo" name="com.Testng_project.Simple_annotations" tests="3" failures="0" timestamp="2021-05-06T22:27:56 PDT" time="0.079" errors="0">
  <testcase name="refridgerator" time="0.013" classname="com.Testng_project.Simple_annotations"/>
  <system-out/>
  <testcase name="laptop" time="0.057" classname="com.Testng_project.Simple_annotations"/>
  <system-out/>
  <testcase name="mobile" time="0.009" classname="com.Testng_project.Simple_annotations"/>
  <system-out/>
</testsuite> <!-- com.Testng_project.Simple_annotations -->
