<?xml version="1.0" encoding="UTF-8"?>
<!-- Generated by org.testng.reporters.JUnitReportReporter -->
<testsuite skipped="1" hostname="Lenovo" name="com.Testng_project.Ignore_Concepts" tests="3" failures="0" timestamp="2021-05-07T01:33:52 PDT" time="0.072" errors="0">
  <testcase name="laptop" time="0.059" classname="com.Testng_project.Ignore_Concepts"/>
  <system-out/>
  <testcase name="refridgerator" time="0.013" classname="com.Testng_project.Ignore_Concepts"/>
  <system-out/>
  <testcase name="mobile" classname="com.Testng_project.Ignore_Concepts">
    <skipped/>
  </testcase> <!-- mobile -->
  <system-out/>
</testsuite> <!-- com.Testng_project.Ignore_Concepts -->
